<?xml version="1.0" encoding="UTF-8"?>
<coverage generated="1775976981298" clover="3.2.0">
  <project timestamp="1775976981298" name="All files">
    <metrics statements="1409" coveredstatements="1031" conditionals="779" coveredconditionals="463" methods="210" coveredmethods="164" elements="2398" coveredelements="1658" complexity="0" loc="1409" ncloc="1409" packages="3" files="9" classes="9"/>
    <package name="src">
      <metrics statements="1168" coveredstatements="881" conditionals="621" coveredconditionals="383" methods="188" coveredmethods="151"/>
      <file name="app.ts" path="C:\Harmony\server\src\app.ts">
        <metrics statements="726" coveredstatements="513" conditionals="307" coveredconditionals="176" methods="88" coveredmethods="66"/>
        <line num="12" count="12" type="stmt"/>
        <line num="13" count="30" type="stmt"/>
        <line num="16" count="12" type="stmt"/>
        <line num="17" count="13" type="stmt"/>
        <line num="18" count="13" type="stmt"/>
        <line num="21" count="130" type="stmt"/>
        <line num="22" count="130" type="stmt"/>
        <line num="23" count="130" type="stmt"/>
        <line num="24" count="130" type="stmt"/>
        <line num="27" count="13" type="stmt"/>
        <line num="29" count="103" type="cond" truecount="4" falsecount="0"/>
        <line num="30" count="102" type="stmt"/>
        <line num="32" count="1" type="stmt"/>
        <line num="37" count="13" type="stmt"/>
        <line num="40" count="13" type="stmt"/>
        <line num="41" count="13" type="stmt"/>
        <line num="42" count="5" type="stmt"/>
        <line num="45" count="5" type="cond" truecount="4" falsecount="0"/>
        <line num="46" count="2" type="stmt"/>
        <line num="49" count="3" type="stmt"/>
        <line num="52" count="3" type="stmt"/>
        <line num="53" count="3" type="stmt"/>
        <line num="57" count="3" type="cond" truecount="2" falsecount="0"/>
        <line num="58" count="1" type="stmt"/>
        <line num="61" count="3" type="stmt"/>
        <line num="65" count="13" type="stmt"/>
        <line num="66" count="0" type="stmt"/>
        <line num="67" count="0" type="stmt"/>
        <line num="71" count="13" type="stmt"/>
        <line num="72" count="0" type="stmt"/>
        <line num="73" count="0" type="cond" truecount="0" falsecount="4"/>
        <line num="74" count="0" type="stmt"/>
        <line num="76" count="0" type="stmt"/>
        <line num="77" count="0" type="stmt"/>
        <line num="78" count="0" type="stmt"/>
        <line num="81" count="13" type="stmt"/>
        <line num="82" count="3" type="stmt"/>
        <line num="85" count="13" type="stmt"/>
        <line num="86" count="2" type="stmt"/>
        <line num="87" count="2" type="stmt"/>
        <line num="88" count="2" type="stmt"/>
        <line num="90" count="0" type="stmt"/>
        <line num="94" count="13" type="stmt"/>
        <line num="95" count="5" type="stmt"/>
        <line num="96" count="5" type="stmt"/>
        <line num="97" count="5" type="stmt"/>
        <line num="98" count="5" type="stmt"/>
        <line num="100" count="0" type="stmt"/>
        <line num="110" count="13" type="stmt"/>
        <line num="111" count="2" type="stmt"/>
        <line num="112" count="2" type="stmt"/>
        <line num="113" count="2" type="stmt"/>
        <line num="114" count="2" type="cond" truecount="1" falsecount="1"/>
        <line num="116" count="0" type="stmt"/>
        <line num="120" count="13" type="stmt"/>
        <line num="121" count="2" type="stmt"/>
        <line num="122" count="2" type="stmt"/>
        <line num="126" count="2" type="stmt"/>
        <line num="127" count="2" type="stmt"/>
        <line num="129" count="0" type="stmt"/>
        <line num="133" count="13" type="stmt"/>
        <line num="134" count="0" type="stmt"/>
        <line num="135" count="0" type="stmt"/>
        <line num="136" count="0" type="stmt"/>
        <line num="137" count="0" type="stmt"/>
        <line num="138" count="0" type="stmt"/>
        <line num="140" count="0" type="stmt"/>
        <line num="144" count="13" type="stmt"/>
        <line num="145" count="2" type="stmt"/>
        <line num="146" count="2" type="stmt"/>
        <line num="147" count="2" type="stmt"/>
        <line num="148" count="2" type="cond" truecount="1" falsecount="1"/>
        <line num="151" count="2" type="stmt"/>
        <line num="152" count="2" type="stmt"/>
        <line num="153" count="2" type="stmt"/>
        <line num="154" count="2" type="stmt"/>
        <line num="156" count="2" type="stmt"/>
        <line num="157" count="2" type="cond" truecount="1" falsecount="1"/>
        <line num="158" count="2" type="stmt"/>
        <line num="159" count="2" type="stmt"/>
        <line num="160" count="2" type="cond" truecount="1" falsecount="1"/>
        <line num="161" count="2" type="stmt"/>
        <line num="163" count="2" type="stmt"/>
        <line num="164" count="2" type="stmt"/>
        <line num="167" count="2" type="stmt"/>
        <line num="168" count="2" type="stmt"/>
        <line num="170" count="0" type="stmt"/>
        <line num="174" count="13" type="stmt"/>
        <line num="175" count="3" type="stmt"/>
        <line num="176" count="3" type="stmt"/>
        <line num="177" count="3" type="stmt"/>
        <line num="178" count="3" type="stmt"/>
        <line num="179" count="3" type="cond" truecount="4" falsecount="0"/>
        <line num="180" count="3" type="stmt"/>
        <line num="181" count="3" type="stmt"/>
        <line num="183" count="0" type="stmt"/>
        <line num="187" count="13" type="stmt"/>
        <line num="188" count="0" type="stmt"/>
        <line num="189" count="0" type="stmt"/>
        <line num="190" count="0" type="stmt"/>
        <line num="191" count="0" type="stmt"/>
        <line num="193" count="0" type="stmt"/>
        <line num="197" count="13" type="stmt"/>
        <line num="198" count="0" type="stmt"/>
        <line num="199" count="0" type="stmt"/>
        <line num="200" count="0" type="stmt"/>
        <line num="201" count="0" type="stmt"/>
        <line num="202" count="0" type="cond" truecount="0" falsecount="2"/>
        <line num="203" count="0" type="stmt"/>
        <line num="204" count="0" type="stmt"/>
        <line num="206" count="0" type="stmt"/>
        <line num="210" count="13" type="stmt"/>
        <line num="211" count="0" type="stmt"/>
        <line num="212" count="0" type="stmt"/>
        <line num="213" count="0" type="stmt"/>
        <line num="214" count="0" type="cond" truecount="0" falsecount="2"/>
        <line num="215" count="0" type="stmt"/>
        <line num="217" count="0" type="stmt"/>
        <line num="221" count="13" type="stmt"/>
        <line num="222" count="0" type="stmt"/>
        <line num="223" count="0" type="stmt"/>
        <line num="224" count="0" type="stmt"/>
        <line num="225" count="0" type="stmt"/>
        <line num="226" count="0" type="stmt"/>
        <line num="228" count="0" type="stmt"/>
        <line num="232" count="13" type="stmt"/>
        <line num="233" count="0" type="stmt"/>
        <line num="234" count="0" type="stmt"/>
        <line num="235" count="0" type="cond" truecount="0" falsecount="2"/>
        <line num="236" count="0" type="stmt"/>
        <line num="237" count="0" type="stmt"/>
        <line num="239" count="0" type="stmt"/>
        <line num="243" count="13" type="stmt"/>
        <line num="244" count="0" type="stmt"/>
        <line num="245" count="0" type="stmt"/>
        <line num="246" count="0" type="stmt"/>
        <line num="247" count="0" type="cond" truecount="0" falsecount="4"/>
        <line num="248" count="0" type="stmt"/>
        <line num="249" count="0" type="stmt"/>
        <line num="252" count="0" type="cond" truecount="0" falsecount="4"/>
        <line num="253" count="0" type="stmt"/>
        <line num="254" count="0" type="cond" truecount="0" falsecount="2"/>
        <line num="257" count="0" type="stmt"/>
        <line num="259" count="0" type="stmt"/>
        <line num="267" count="13" type="stmt"/>
        <line num="268" count="15" type="stmt"/>
        <line num="269" count="15" type="stmt"/>
        <line num="270" count="15" type="stmt"/>
        <line num="271" count="14" type="stmt"/>
        <line num="272" count="14" type="cond" truecount="1" falsecount="1"/>
        <line num="275" count="1" type="stmt"/>
        <line num="278" count="13" type="stmt"/>
        <line num="279" count="9" type="cond" truecount="5" falsecount="0"/>
        <line num="280" count="2" type="stmt"/>
        <line num="281" count="2" type="cond" truecount="1" falsecount="1"/>
        <line num="283" count="9" type="stmt"/>
        <line num="286" count="13" type="stmt"/>
        <line num="287" count="0" type="stmt"/>
        <line num="288" count="0" type="stmt"/>
        <line num="289" count="0" type="cond" truecount="0" falsecount="2"/>
        <line num="290" count="0" type="cond" truecount="0" falsecount="2"/>
        <line num="292" count="0" type="stmt"/>
        <line num="293" count="0" type="cond" truecount="0" falsecount="2"/>
        <line num="294" count="0" type="stmt"/>
        <line num="296" count="0" type="stmt"/>
        <line num="300" count="13" type="stmt"/>
        <line num="301" count="1" type="stmt"/>
        <line num="302" count="1" type="stmt"/>
        <line num="303" count="1" type="stmt"/>
        <line num="304" count="1" type="cond" truecount="1" falsecount="2"/>
        <line num="305" count="0" type="cond" truecount="0" falsecount="2"/>
        <line num="307" count="1" type="stmt"/>
        <line num="308" count="1" type="stmt"/>
        <line num="309" count="1" type="stmt"/>
        <line num="311" count="0" type="stmt"/>
        <line num="315" count="13" type="stmt"/>
        <line num="316" count="3" type="stmt"/>
        <line num="317" count="3" type="stmt"/>
        <line num="318" count="3" type="cond" truecount="1" falsecount="2"/>
        <line num="319" count="0" type="cond" truecount="0" falsecount="2"/>
        <line num="321" count="3" type="stmt"/>
        <line num="322" count="3" type="stmt"/>
        <line num="324" count="0" type="stmt"/>
        <line num="328" count="13" type="stmt"/>
        <line num="329" count="4" type="stmt"/>
        <line num="330" count="4" type="stmt"/>
        <line num="331" count="4" type="cond" truecount="2" falsecount="0"/>
        <line num="332" count="4" type="cond" truecount="1" falsecount="1"/>
        <line num="334" count="4" type="cond" truecount="2" falsecount="0"/>
        <line num="335" count="4" type="stmt"/>
        <line num="337" count="4" type="stmt"/>
        <line num="349" count="4" type="stmt"/>
        <line num="351" count="4" type="cond" truecount="2" falsecount="0"/>
        <line num="352" count="1" type="stmt"/>
        <line num="353" count="1" type="stmt"/>
        <line num="356" count="4" type="stmt"/>
        <line num="357" count="4" type="stmt"/>
        <line num="359" count="4" type="stmt"/>
        <line num="362" count="4" type="stmt"/>
        <line num="363" count="4" type="stmt"/>
        <line num="364" count="4" type="cond" truecount="1" falsecount="1"/>
        <line num="365" count="4" type="stmt"/>
        <line num="366" count="4" type="stmt"/>
        <line num="367" count="4" type="stmt"/>
        <line num="368" count="2" type="cond" truecount="1" falsecount="1"/>
        <line num="369" count="2" type="stmt"/>
        <line num="374" count="4" type="stmt"/>
        <line num="375" count="4" type="stmt"/>
        <line num="376" count="4" type="cond" truecount="2" falsecount="0"/>
        <line num="377" count="3" type="stmt"/>
        <line num="378" count="3" type="stmt"/>
        <line num="379" count="3" type="stmt"/>
        <line num="380" count="3" type="stmt"/>
        <line num="384" count="4" type="stmt"/>
        <line num="385" count="4" type="stmt"/>
        <line num="386" count="4" type="cond" truecount="2" falsecount="0"/>
        <line num="387" count="2" type="stmt"/>
        <line num="388" count="2" type="stmt"/>
        <line num="389" count="2" type="stmt"/>
        <line num="390" count="2" type="cond" truecount="1" falsecount="1"/>
        <line num="391" count="2" type="stmt"/>
        <line num="392" count="0" type="cond" truecount="0" falsecount="2"/>
        <line num="393" count="0" type="stmt"/>
        <line num="394" count="0" type="stmt"/>
        <line num="396" count="0" type="stmt"/>
        <line num="398" count="2" type="cond" truecount="1" falsecount="1"/>
        <line num="403" count="4" type="stmt"/>
        <line num="411" count="4" type="stmt"/>
        <line num="413" count="0" type="stmt"/>
        <line num="417" count="13" type="stmt"/>
        <line num="419" count="0" type="stmt"/>
        <line num="426" count="13" type="stmt"/>
        <line num="427" count="3" type="stmt"/>
        <line num="428" count="3" type="stmt"/>
        <line num="429" count="3" type="cond" truecount="2" falsecount="0"/>
        <line num="430" count="3" type="cond" truecount="2" falsecount="0"/>
        <line num="432" count="2" type="stmt"/>
        <line num="433" count="2" type="cond" truecount="2" falsecount="0"/>
        <line num="435" count="1" type="stmt"/>
        <line num="436" count="1" type="stmt"/>
        <line num="438" count="1" type="stmt"/>
        <line num="451" count="1" type="stmt"/>
        <line num="455" count="1" type="stmt"/>
        <line num="459" count="1" type="stmt"/>
        <line num="462" count="3" type="stmt"/>
        <line num="463" count="1" type="stmt"/>
        <line num="464" count="1" type="cond" truecount="1" falsecount="1"/>
        <line num="465" count="3" type="stmt"/>
        <line num="466" count="1" type="stmt"/>
        <line num="467" count="1" type="stmt"/>
        <line num="468" count="0" type="cond" truecount="0" falsecount="2"/>
        <line num="469" count="0" type="stmt"/>
        <line num="474" count="3" type="stmt"/>
        <line num="475" count="1" type="stmt"/>
        <line num="476" count="1" type="cond" truecount="1" falsecount="1"/>
        <line num="477" count="0" type="stmt"/>
        <line num="478" count="0" type="stmt"/>
        <line num="479" count="0" type="stmt"/>
        <line num="480" count="0" type="stmt"/>
        <line num="484" count="1" type="stmt"/>
        <line num="485" count="3" type="stmt"/>
        <line num="486" count="3" type="cond" truecount="1" falsecount="1"/>
        <line num="487" count="0" type="stmt"/>
        <line num="488" count="0" type="stmt"/>
        <line num="489" count="0" type="stmt"/>
        <line num="490" count="0" type="cond" truecount="0" falsecount="2"/>
        <line num="491" count="0" type="stmt"/>
        <line num="492" count="0" type="cond" truecount="0" falsecount="2"/>
        <line num="493" count="0" type="stmt"/>
        <line num="494" count="0" type="stmt"/>
        <line num="496" count="0" type="stmt"/>
        <line num="498" count="0" type="cond" truecount="0" falsecount="2"/>
        <line num="503" count="3" type="stmt"/>
        <line num="511" count="1" type="stmt"/>
        <line num="513" count="0" type="stmt"/>
        <line num="517" count="13" type="stmt"/>
        <line num="518" count="2" type="stmt"/>
        <line num="519" count="2" type="stmt"/>
        <line num="520" count="2" type="stmt"/>
        <line num="521" count="2" type="cond" truecount="2" falsecount="0"/>
        <line num="522" count="2" type="cond" truecount="1" falsecount="1"/>
        <line num="524" count="2" type="stmt"/>
        <line num="525" count="2" type="cond" truecount="1" falsecount="1"/>
        <line num="527" count="2" type="stmt"/>
        <line num="528" count="2" type="cond" truecount="2" falsecount="0"/>
        <line num="531" count="2" type="stmt"/>
        <line num="532" count="2" type="cond" truecount="4" falsecount="0"/>
        <line num="533" count="1" type="stmt"/>
        <line num="537" count="1" type="stmt"/>
        <line num="538" count="1" type="stmt"/>
        <line num="539" count="1" type="cond" truecount="1" falsecount="1"/>
        <line num="543" count="2" type="stmt"/>
        <line num="544" count="2" type="cond" truecount="4" falsecount="1"/>
        <line num="546" count="2" type="cond" truecount="1" falsecount="1"/>
        <line num="548" count="2" type="stmt"/>
        <line num="549" count="2" type="stmt"/>
        <line num="550" count="2" type="stmt"/>
        <line num="552" count="0" type="stmt"/>
        <line num="556" count="13" type="stmt"/>
        <line num="557" count="1" type="stmt"/>
        <line num="558" count="1" type="stmt"/>
        <line num="559" count="1" type="stmt"/>
        <line num="560" count="1" type="stmt"/>
        <line num="561" count="1" type="cond" truecount="2" falsecount="0"/>
        <line num="562" count="1" type="cond" truecount="1" falsecount="1"/>
        <line num="564" count="1" type="stmt"/>
        <line num="565" count="1" type="cond" truecount="1" falsecount="1"/>
        <line num="567" count="1" type="stmt"/>
        <line num="568" count="1" type="stmt"/>
        <line num="569" count="1" type="stmt"/>
        <line num="570" count="1" type="stmt"/>
        <line num="572" count="0" type="stmt"/>
        <line num="576" count="13" type="stmt"/>
        <line num="577" count="1" type="stmt"/>
        <line num="578" count="1" type="stmt"/>
        <line num="579" count="1" type="stmt"/>
        <line num="580" count="1" type="cond" truecount="2" falsecount="0"/>
        <line num="581" count="1" type="cond" truecount="1" falsecount="1"/>
        <line num="583" count="1" type="stmt"/>
        <line num="584" count="1" type="cond" truecount="1" falsecount="1"/>
        <line num="586" count="1" type="stmt"/>
        <line num="587" count="1" type="stmt"/>
        <line num="588" count="1" type="stmt"/>
        <line num="590" count="0" type="stmt"/>
        <line num="594" count="13" type="stmt"/>
        <line num="595" count="1" type="stmt"/>
        <line num="596" count="1" type="stmt"/>
        <line num="597" count="1" type="stmt"/>
        <line num="598" count="1" type="stmt"/>
        <line num="600" count="0" type="stmt"/>
        <line num="608" count="13" type="stmt"/>
        <line num="609" count="3" type="stmt"/>
        <line num="610" count="3" type="stmt"/>
        <line num="611" count="3" type="stmt"/>
        <line num="612" count="3" type="cond" truecount="2" falsecount="0"/>
        <line num="614" count="2" type="stmt"/>
        <line num="627" count="2" type="stmt"/>
        <line num="630" count="1" type="stmt"/>
        <line num="631" count="1" type="stmt"/>
        <line num="632" count="1" type="cond" truecount="1" falsecount="1"/>
        <line num="633" count="1" type="stmt"/>
        <line num="634" count="1" type="stmt"/>
        <line num="635" count="1" type="stmt"/>
        <line num="636" count="0" type="cond" truecount="0" falsecount="2"/>
        <line num="637" count="0" type="stmt"/>
        <line num="642" count="1" type="stmt"/>
        <line num="643" count="1" type="stmt"/>
        <line num="644" count="1" type="cond" truecount="1" falsecount="1"/>
        <line num="645" count="1" type="stmt"/>
        <line num="646" count="1" type="stmt"/>
        <line num="647" count="1" type="stmt"/>
        <line num="648" count="1" type="stmt"/>
        <line num="652" count="1" type="stmt"/>
        <line num="653" count="1" type="stmt"/>
        <line num="654" count="1" type="cond" truecount="1" falsecount="1"/>
        <line num="655" count="0" type="stmt"/>
        <line num="656" count="0" type="stmt"/>
        <line num="657" count="0" type="stmt"/>
        <line num="658" count="0" type="cond" truecount="0" falsecount="2"/>
        <line num="659" count="0" type="stmt"/>
        <line num="660" count="0" type="cond" truecount="0" falsecount="2"/>
        <line num="661" count="0" type="stmt"/>
        <line num="662" count="0" type="stmt"/>
        <line num="664" count="0" type="stmt"/>
        <line num="666" count="0" type="cond" truecount="0" falsecount="2"/>
        <line num="671" count="1" type="stmt"/>
        <line num="679" count="1" type="stmt"/>
        <line num="681" count="1" type="stmt"/>
        <line num="685" count="13" type="stmt"/>
        <line num="686" count="2" type="stmt"/>
        <line num="687" count="2" type="stmt"/>
        <line num="688" count="2" type="stmt"/>
        <line num="689" count="2" type="stmt"/>
        <line num="690" count="2" type="cond" truecount="1" falsecount="1"/>
        <line num="692" count="2" type="stmt"/>
        <line num="693" count="2" type="stmt"/>
        <line num="697" count="2" type="stmt"/>
        <line num="698" count="2" type="stmt"/>
        <line num="699" count="2" type="stmt"/>
        <line num="701" count="0" type="stmt"/>
        <line num="705" count="13" type="stmt"/>
        <line num="706" count="0" type="stmt"/>
        <line num="707" count="0" type="stmt"/>
        <line num="708" count="0" type="stmt"/>
        <line num="710" count="0" type="stmt"/>
        <line num="711" count="0" type="stmt"/>
        <line num="712" count="0" type="stmt"/>
        <line num="713" count="0" type="stmt"/>
        <line num="715" count="0" type="stmt"/>
        <line num="719" count="13" type="stmt"/>
        <line num="720" count="0" type="stmt"/>
        <line num="721" count="0" type="stmt"/>
        <line num="722" count="0" type="stmt"/>
        <line num="723" count="0" type="stmt"/>
        <line num="725" count="0" type="stmt"/>
        <line num="726" count="0" type="cond" truecount="0" falsecount="4"/>
        <line num="727" count="0" type="stmt"/>
        <line num="730" count="0" type="stmt"/>
        <line num="731" count="0" type="stmt"/>
        <line num="732" count="0" type="cond" truecount="0" falsecount="2"/>
        <line num="733" count="0" type="cond" truecount="0" falsecount="2"/>
        <line num="735" count="0" type="cond" truecount="0" falsecount="2"/>
        <line num="736" count="0" type="stmt"/>
        <line num="737" count="0" type="stmt"/>
        <line num="740" count="0" type="stmt"/>
        <line num="741" count="0" type="stmt"/>
        <line num="742" count="0" type="stmt"/>
        <line num="744" count="0" type="stmt"/>
        <line num="749" count="13" type="stmt"/>
        <line num="750" count="3" type="stmt"/>
        <line num="751" count="3" type="stmt"/>
        <line num="752" count="3" type="stmt"/>
        <line num="753" count="3" type="stmt"/>
        <line num="754" count="3" type="stmt"/>
        <line num="756" count="3" type="stmt"/>
        <line num="757" count="3" type="cond" truecount="2" falsecount="0"/>
        <line num="758" count="2" type="cond" truecount="1" falsecount="1"/>
        <line num="761" count="3" type="stmt"/>
        <line num="762" count="3" type="cond" truecount="3" falsecount="1"/>
        <line num="763" count="0" type="stmt"/>
        <line num="766" count="3" type="stmt"/>
        <line num="770" count="3" type="stmt"/>
        <line num="773" count="3" type="stmt"/>
        <line num="774" count="3" type="cond" truecount="1" falsecount="1"/>
        <line num="775" count="3" type="stmt"/>
        <line num="776" count="3" type="cond" truecount="2" falsecount="0"/>
        <line num="779" count="3" type="stmt"/>
        <line num="780" count="3" type="stmt"/>
        <line num="781" count="3" type="cond" truecount="1" falsecount="1"/>
        <line num="782" count="0" type="stmt"/>
        <line num="788" count="0" type="cond" truecount="0" falsecount="2"/>
        <line num="789" count="0" type="stmt"/>
        <line num="790" count="0" type="stmt"/>
        <line num="794" count="3" type="stmt"/>
        <line num="803" count="3" type="stmt"/>
        <line num="804" count="3" type="cond" truecount="1" falsecount="1"/>
        <line num="805" count="3" type="stmt"/>
        <line num="807" count="3" type="stmt"/>
        <line num="809" count="0" type="stmt"/>
        <line num="813" count="13" type="stmt"/>
        <line num="814" count="1" type="stmt"/>
        <line num="815" count="1" type="stmt"/>
        <line num="816" count="1" type="stmt"/>
        <line num="817" count="1" type="stmt"/>
        <line num="819" count="0" type="stmt"/>
        <line num="823" count="13" type="stmt"/>
        <line num="824" count="3" type="stmt"/>
        <line num="825" count="3" type="stmt"/>
        <line num="826" count="3" type="stmt"/>
        <line num="827" count="3" type="stmt"/>
        <line num="828" count="3" type="cond" truecount="3" falsecount="3"/>
        <line num="829" count="3" type="stmt"/>
        <line num="830" count="3" type="stmt"/>
        <line num="832" count="0" type="stmt"/>
        <line num="836" count="13" type="stmt"/>
        <line num="837" count="1" type="stmt"/>
        <line num="838" count="1" type="stmt"/>
        <line num="839" count="1" type="stmt"/>
        <line num="840" count="1" type="stmt"/>
        <line num="841" count="1" type="stmt"/>
        <line num="843" count="0" type="stmt"/>
        <line num="848" count="13" type="stmt"/>
        <line num="856" count="13" type="stmt"/>
        <line num="857" count="5" type="stmt"/>
        <line num="858" count="5" type="stmt"/>
        <line num="859" count="5" type="stmt"/>
        <line num="860" count="5" type="cond" truecount="3" falsecount="1"/>
        <line num="862" count="5" type="stmt"/>
        <line num="863" count="5" type="stmt"/>
        <line num="864" count="5" type="cond" truecount="1" falsecount="1"/>
        <line num="867" count="5" type="stmt"/>
        <line num="868" count="5" type="cond" truecount="1" falsecount="1"/>
        <line num="869" count="5" type="cond" truecount="1" falsecount="2"/>
        <line num="870" count="5" type="stmt"/>
        <line num="871" count="5" type="stmt"/>
        <line num="872" count="5" type="stmt"/>
        <line num="873" count="5" type="cond" truecount="4" falsecount="0"/>
        <line num="874" count="2" type="cond" truecount="2" falsecount="0"/>
        <line num="877" count="3" type="stmt"/>
        <line num="878" count="3" type="stmt"/>
        <line num="879" count="3" type="stmt"/>
        <line num="880" count="3" type="stmt"/>
        <line num="883" count="3" type="stmt"/>
        <line num="885" count="0" type="stmt"/>
        <line num="889" count="13" type="stmt"/>
        <line num="890" count="0" type="stmt"/>
        <line num="891" count="0" type="stmt"/>
        <line num="892" count="0" type="stmt"/>
        <line num="894" count="0" type="stmt"/>
        <line num="898" count="13" type="stmt"/>
        <line num="899" count="5" type="stmt"/>
        <line num="900" count="5" type="stmt"/>
        <line num="901" count="5" type="stmt"/>
        <line num="903" count="5" type="stmt"/>
        <line num="904" count="5" type="cond" truecount="1" falsecount="1"/>
        <line num="906" count="5" type="stmt"/>
        <line num="907" count="5" type="stmt"/>
        <line num="909" count="5" type="cond" truecount="1" falsecount="1"/>
        <line num="910" count="0" type="stmt"/>
        <line num="911" count="0" type="cond" truecount="0" falsecount="2"/>
        <line num="912" count="0" type="stmt"/>
        <line num="913" count="0" type="stmt"/>
        <line num="917" count="5" type="stmt"/>
        <line num="918" count="5" type="stmt"/>
        <line num="919" count="5" type="stmt"/>
        <line num="921" count="5" type="stmt"/>
        <line num="925" count="5" type="stmt"/>
        <line num="926" count="5" type="stmt"/>
        <line num="927" count="5" type="stmt"/>
        <line num="929" count="0" type="stmt"/>
        <line num="930" count="0" type="stmt"/>
        <line num="934" count="13" type="stmt"/>
        <line num="935" count="10" type="stmt"/>
        <line num="936" count="10" type="stmt"/>
        <line num="937" count="10" type="stmt"/>
        <line num="938" count="10" type="stmt"/>
        <line num="939" count="10" type="cond" truecount="4" falsecount="0"/>
        <line num="940" count="7" type="cond" truecount="2" falsecount="0"/>
        <line num="941" count="5" type="stmt"/>
        <line num="942" count="5" type="stmt"/>
        <line num="943" count="5" type="stmt"/>
        <line num="944" count="5" type="cond" truecount="1" falsecount="1"/>
        <line num="945" count="5" type="stmt"/>
        <line num="949" count="2" type="stmt"/>
        <line num="953" count="10" type="cond" truecount="2" falsecount="0"/>
        <line num="954" count="6" type="stmt"/>
        <line num="955" count="6" type="stmt"/>
        <line num="959" count="3" type="stmt"/>
        <line num="963" count="4" type="stmt"/>
        <line num="967" count="4" type="cond" truecount="2" falsecount="0"/>
        <line num="968" count="3" type="stmt"/>
        <line num="969" count="3" type="stmt"/>
        <line num="974" count="2" type="cond" truecount="2" falsecount="0"/>
        <line num="975" count="1" type="stmt"/>
        <line num="977" count="1" type="stmt"/>
        <line num="981" count="1" type="stmt"/>
        <line num="988" count="1" type="stmt"/>
        <line num="992" count="3" type="stmt"/>
        <line num="994" count="0" type="stmt"/>
        <line num="998" count="13" type="stmt"/>
        <line num="999" count="4" type="stmt"/>
        <line num="1000" count="4" type="stmt"/>
        <line num="1001" count="4" type="stmt"/>
        <line num="1002" count="4" type="stmt"/>
        <line num="1003" count="4" type="cond" truecount="4" falsecount="0"/>
        <line num="1004" count="3" type="cond" truecount="2" falsecount="0"/>
        <line num="1005" count="2" type="stmt"/>
        <line num="1006" count="2" type="stmt"/>
        <line num="1007" count="2" type="stmt"/>
        <line num="1008" count="2" type="cond" truecount="1" falsecount="1"/>
        <line num="1009" count="2" type="stmt"/>
        <line num="1012" count="1" type="stmt"/>
        <line num="1016" count="4" type="cond" truecount="2" falsecount="0"/>
        <line num="1017" count="2" type="stmt"/>
        <line num="1018" count="2" type="stmt"/>
        <line num="1020" count="2" type="stmt"/>
        <line num="1023" count="0" type="stmt"/>
        <line num="1027" count="13" type="stmt"/>
        <line num="1028" count="1" type="stmt"/>
        <line num="1029" count="1" type="stmt"/>
        <line num="1030" count="1" type="stmt"/>
        <line num="1031" count="1" type="cond" truecount="1" falsecount="1"/>
        <line num="1032" count="1" type="cond" truecount="1" falsecount="1"/>
        <line num="1033" count="1" type="stmt"/>
        <line num="1038" count="0" type="stmt"/>
        <line num="1041" count="0" type="stmt"/>
        <line num="1047" count="1" type="stmt"/>
        <line num="1048" count="1" type="cond" truecount="1" falsecount="1"/>
        <line num="1049" count="1" type="stmt"/>
        <line num="1051" count="1" type="stmt"/>
        <line num="1053" count="0" type="stmt"/>
        <line num="1057" count="13" type="stmt"/>
        <line num="1058" count="1" type="stmt"/>
        <line num="1059" count="1" type="stmt"/>
        <line num="1060" count="1" type="stmt"/>
        <line num="1061" count="1" type="stmt"/>
        <line num="1062" count="1" type="stmt"/>
        <line num="1065" count="1" type="stmt"/>
        <line num="1066" count="1" type="stmt"/>
        <line num="1068" count="1" type="stmt"/>
        <line num="1069" count="1" type="stmt"/>
        <line num="1074" count="1" type="stmt"/>
        <line num="1078" count="0" type="stmt"/>
        <line num="1081" count="1" type="stmt"/>
        <line num="1083" count="0" type="stmt"/>
        <line num="1087" count="13" type="stmt"/>
        <line num="1088" count="1" type="stmt"/>
        <line num="1089" count="1" type="stmt"/>
        <line num="1090" count="1" type="stmt"/>
        <line num="1091" count="1" type="stmt"/>
        <line num="1093" count="0" type="stmt"/>
        <line num="1097" count="13" type="stmt"/>
        <line num="1098" count="2" type="stmt"/>
        <line num="1099" count="2" type="stmt"/>
        <line num="1100" count="2" type="stmt"/>
        <line num="1101" count="2" type="cond" truecount="2" falsecount="0"/>
        <line num="1102" count="1" type="stmt"/>
        <line num="1104" count="1" type="stmt"/>
        <line num="1105" count="1" type="stmt"/>
        <line num="1107" count="0" type="stmt"/>
        <line num="1111" count="13" type="stmt"/>
        <line num="1112" count="1" type="stmt"/>
        <line num="1113" count="1" type="stmt"/>
        <line num="1114" count="1" type="stmt"/>
        <line num="1115" count="1" type="stmt"/>
        <line num="1117" count="0" type="stmt"/>
        <line num="1121" count="13" type="stmt"/>
        <line num="1122" count="1" type="stmt"/>
        <line num="1123" count="1" type="stmt"/>
        <line num="1124" count="1" type="stmt"/>
        <line num="1125" count="1" type="cond" truecount="1" falsecount="1"/>
        <line num="1128" count="1" type="stmt"/>
        <line num="1131" count="1" type="stmt"/>
        <line num="1132" count="1" type="cond" truecount="1" falsecount="1"/>
        <line num="1133" count="1" type="stmt"/>
        <line num="1141" count="1" type="stmt"/>
        <line num="1142" count="1" type="stmt"/>
        <line num="1143" count="2" type="stmt"/>
        <line num="1144" count="2" type="stmt"/>
        <line num="1145" count="2" type="cond" truecount="1" falsecount="1"/>
        <line num="1146" count="2" type="stmt"/>
        <line num="1150" count="1" type="stmt"/>
        <line num="1152" count="0" type="stmt"/>
        <line num="1156" count="13" type="stmt"/>
        <line num="1157" count="1" type="stmt"/>
        <line num="1158" count="1" type="stmt"/>
        <line num="1159" count="1" type="stmt"/>
        <line num="1160" count="1" type="stmt"/>
        <line num="1161" count="1" type="stmt"/>
        <line num="1162" count="1" type="stmt"/>
        <line num="1163" count="1" type="stmt"/>
        <line num="1165" count="0" type="stmt"/>
        <line num="1169" count="13" type="stmt"/>
        <line num="1170" count="0" type="stmt"/>
        <line num="1171" count="0" type="stmt"/>
        <line num="1172" count="0" type="stmt"/>
        <line num="1173" count="0" type="stmt"/>
        <line num="1174" count="0" type="stmt"/>
        <line num="1175" count="0" type="stmt"/>
        <line num="1176" count="0" type="stmt"/>
        <line num="1178" count="0" type="stmt"/>
        <line num="1187" count="13" type="stmt"/>
        <line num="1188" count="2" type="stmt"/>
        <line num="1189" count="2" type="stmt"/>
        <line num="1190" count="2" type="stmt"/>
        <line num="1191" count="2" type="stmt"/>
        <line num="1192" count="2" type="stmt"/>
        <line num="1193" count="2" type="stmt"/>
        <line num="1194" count="2" type="stmt"/>
        <line num="1196" count="2" type="stmt"/>
        <line num="1198" count="0" type="stmt"/>
        <line num="1206" count="13" type="stmt"/>
        <line num="1207" count="1" type="stmt"/>
        <line num="1208" count="1" type="stmt"/>
        <line num="1209" count="1" type="stmt"/>
        <line num="1210" count="1" type="stmt"/>
        <line num="1211" count="1" type="stmt"/>
        <line num="1212" count="1" type="cond" truecount="1" falsecount="1"/>
        <line num="1214" count="0" type="stmt"/>
        <line num="1216" count="0" type="stmt"/>
        <line num="1220" count="13" type="stmt"/>
        <line num="1221" count="0" type="stmt"/>
        <line num="1222" count="0" type="stmt"/>
        <line num="1223" count="0" type="stmt"/>
        <line num="1224" count="0" type="stmt"/>
        <line num="1225" count="0" type="stmt"/>
        <line num="1226" count="0" type="cond" truecount="0" falsecount="2"/>
        <line num="1227" count="0" type="stmt"/>
        <line num="1228" count="0" type="stmt"/>
        <line num="1229" count="0" type="stmt"/>
        <line num="1231" count="0" type="stmt"/>
        <line num="1232" count="0" type="stmt"/>
        <line num="1233" count="0" type="stmt"/>
        <line num="1235" count="0" type="stmt"/>
        <line num="1237" count="0" type="stmt"/>
        <line num="1241" count="13" type="stmt"/>
        <line num="1242" count="0" type="stmt"/>
        <line num="1243" count="0" type="stmt"/>
        <line num="1244" count="0" type="stmt"/>
        <line num="1245" count="0" type="stmt"/>
        <line num="1246" count="0" type="stmt"/>
        <line num="1248" count="0" type="stmt"/>
        <line num="1252" count="13" type="stmt"/>
        <line num="1253" count="0" type="stmt"/>
        <line num="1254" count="0" type="stmt"/>
        <line num="1255" count="0" type="stmt"/>
        <line num="1256" count="0" type="cond" truecount="0" falsecount="2"/>
        <line num="1257" count="0" type="stmt"/>
        <line num="1259" count="0" type="stmt"/>
        <line num="1263" count="13" type="stmt"/>
        <line num="1264" count="1" type="stmt"/>
        <line num="1265" count="1" type="stmt"/>
        <line num="1266" count="1" type="stmt"/>
        <line num="1270" count="1" type="stmt"/>
        <line num="1272" count="0" type="stmt"/>
        <line num="1276" count="13" type="stmt"/>
        <line num="1277" count="1" type="stmt"/>
        <line num="1278" count="1" type="stmt"/>
        <line num="1279" count="1" type="stmt"/>
        <line num="1280" count="1" type="cond" truecount="3" falsecount="1"/>
        <line num="1281" count="1" type="stmt"/>
        <line num="1282" count="1" type="cond" truecount="1" falsecount="1"/>
        <line num="1283" count="1" type="stmt"/>
        <line num="1284" count="1" type="stmt"/>
        <line num="1285" count="1" type="stmt"/>
        <line num="1287" count="0" type="stmt"/>
        <line num="1291" count="13" type="stmt"/>
        <line num="1292" count="1" type="stmt"/>
        <line num="1293" count="1" type="stmt"/>
        <line num="1294" count="1" type="stmt"/>
        <line num="1295" count="1" type="stmt"/>
        <line num="1296" count="1" type="stmt"/>
        <line num="1297" count="1" type="stmt"/>
        <line num="1299" count="0" type="stmt"/>
        <line num="1303" count="13" type="stmt"/>
        <line num="1304" count="1" type="stmt"/>
        <line num="1305" count="1" type="stmt"/>
        <line num="1306" count="1" type="stmt"/>
        <line num="1307" count="1" type="stmt"/>
        <line num="1308" count="1" type="stmt"/>
        <line num="1309" count="1" type="stmt"/>
        <line num="1311" count="0" type="stmt"/>
        <line num="1316" count="13" type="stmt"/>
        <line num="1317" count="1" type="stmt"/>
        <line num="1318" count="1" type="stmt"/>
        <line num="1325" count="13" type="stmt"/>
      </file>
      <file name="certs.ts" path="C:\Harmony\server\src\certs.ts">
        <metrics statements="14" coveredstatements="14" conditionals="4" coveredconditionals="4" methods="1" coveredmethods="1"/>
        <line num="6" count="3" type="stmt"/>
        <line num="7" count="3" type="stmt"/>
        <line num="9" count="3" type="cond" truecount="4" falsecount="0"/>
        <line num="10" count="1" type="stmt"/>
        <line num="16" count="2" type="stmt"/>
        <line num="17" count="2" type="stmt"/>
        <line num="18" count="2" type="stmt"/>
        <line num="19" count="2" type="stmt"/>
        <line num="25" count="1" type="stmt"/>
        <line num="26" count="1" type="stmt"/>
        <line num="28" count="1" type="stmt"/>
        <line num="30" count="1" type="stmt"/>
        <line num="35" count="1" type="stmt"/>
        <line num="36" count="1" type="stmt"/>
      </file>
      <file name="config.ts" path="C:\Harmony\server\src\config.ts">
        <metrics statements="2" coveredstatements="2" conditionals="2" coveredconditionals="2" methods="0" coveredmethods="0"/>
        <line num="3" count="12" type="cond" truecount="2" falsecount="0"/>
        <line num="4" count="12" type="stmt"/>
      </file>
      <file name="database.ts" path="C:\Harmony\server\src\database.ts">
        <metrics statements="177" coveredstatements="152" conditionals="159" coveredconditionals="101" methods="67" coveredmethods="53"/>
        <line num="6" count="5" type="stmt"/>
        <line num="7" count="5" type="cond" truecount="1" falsecount="1"/>
        <line num="8" count="10" type="stmt"/>
        <line num="9" count="5" type="cond" truecount="1" falsecount="1"/>
        <line num="10" count="5" type="cond" truecount="0" falsecount="2"/>
        <line num="12" count="5" type="stmt"/>
        <line num="13" count="5" type="stmt"/>
        <line num="14" count="5" type="stmt"/>
        <line num="17" count="5" type="cond" truecount="3" falsecount="1"/>
        <line num="19" count="5" type="cond" truecount="5" falsecount="0"/>
        <line num="21" count="5" type="stmt"/>
        <line num="23" count="5" type="cond" truecount="1" falsecount="1"/>
        <line num="24" count="5" type="cond" truecount="2" falsecount="0"/>
        <line num="27" count="5" type="cond" truecount="2" falsecount="2"/>
        <line num="28" count="5" type="stmt"/>
        <line num="30" count="5" type="cond" truecount="2" falsecount="2"/>
        <line num="31" count="5" type="stmt"/>
        <line num="34" count="5" type="cond" truecount="1" falsecount="0"/>
        <line num="35" count="23" type="stmt"/>
        <line num="36" count="23" type="stmt"/>
        <line num="37" count="23" type="cond" truecount="1" falsecount="1"/>
        <line num="38" count="23" type="stmt"/>
        <line num="43" count="5" type="cond" truecount="1" falsecount="0"/>
        <line num="44" count="58" type="stmt"/>
        <line num="45" count="58" type="stmt"/>
        <line num="46" count="58" type="cond" truecount="1" falsecount="1"/>
        <line num="47" count="58" type="stmt"/>
        <line num="52" count="5" type="cond" truecount="1" falsecount="0"/>
        <line num="53" count="16" type="stmt"/>
        <line num="54" count="16" type="stmt"/>
        <line num="55" count="16" type="cond" truecount="1" falsecount="1"/>
        <line num="56" count="16" type="stmt"/>
        <line num="64" count="5" type="stmt"/>
        <line num="67" count="5" type="stmt"/>
        <line num="68" count="5" type="cond" truecount="1" falsecount="1"/>
        <line num="70" count="5" type="stmt"/>
        <line num="71" count="5" type="stmt"/>
        <line num="72" count="5" type="cond" truecount="1" falsecount="1"/>
        <line num="73" count="5" type="stmt"/>
        <line num="74" count="5" type="stmt"/>
        <line num="79" count="5" type="stmt"/>
        <line num="80" count="5" type="cond" truecount="1" falsecount="1"/>
        <line num="82" count="5" type="stmt"/>
        <line num="83" count="5" type="stmt"/>
        <line num="84" count="5" type="cond" truecount="1" falsecount="1"/>
        <line num="85" count="5" type="stmt"/>
        <line num="92" count="7" type="stmt"/>
        <line num="93" count="7" type="stmt"/>
        <line num="108" count="7" type="stmt"/>
        <line num="118" count="7" type="stmt"/>
        <line num="128" count="7" type="stmt"/>
        <line num="129" count="4" type="cond" truecount="3" falsecount="1"/>
        <line num="132" count="7" type="stmt"/>
        <line num="133" count="4" type="cond" truecount="3" falsecount="1"/>
        <line num="137" count="7" type="stmt"/>
        <line num="140" count="7" type="stmt"/>
        <line num="150" count="7" type="stmt"/>
        <line num="161" count="7" type="stmt"/>
        <line num="173" count="7" type="stmt"/>
        <line num="184" count="7" type="stmt"/>
        <line num="185" count="4" type="cond" truecount="3" falsecount="1"/>
        <line num="187" count="7" type="stmt"/>
        <line num="188" count="4" type="cond" truecount="3" falsecount="1"/>
        <line num="193" count="7" type="stmt"/>
        <line num="194" count="4" type="cond" truecount="3" falsecount="1"/>
        <line num="195" count="4" type="stmt"/>
        <line num="197" count="1" type="cond" truecount="3" falsecount="1"/>
        <line num="198" count="0" type="stmt"/>
        <line num="199" count="0" type="stmt"/>
        <line num="200" count="0" type="stmt"/>
        <line num="208" count="5" type="stmt"/>
        <line num="209" count="5" type="stmt"/>
        <line num="218" count="5" type="stmt"/>
        <line num="227" count="5" type="stmt"/>
        <line num="244" count="5" type="cond" truecount="1" falsecount="1"/>
        <line num="245" count="5" type="stmt"/>
        <line num="246" count="5" type="stmt"/>
        <line num="247" count="4" type="cond" truecount="1" falsecount="1"/>
        <line num="248" count="4" type="stmt"/>
        <line num="249" count="4" type="stmt"/>
        <line num="250" count="4" type="cond" truecount="1" falsecount="1"/>
        <line num="251" count="4" type="stmt"/>
        <line num="258" count="6" type="cond" truecount="1" falsecount="1"/>
        <line num="260" count="6" type="stmt"/>
        <line num="261" count="4" type="cond" truecount="1" falsecount="1"/>
        <line num="262" count="0" type="stmt"/>
        <line num="264" count="4" type="stmt"/>
        <line num="265" count="4" type="stmt"/>
        <line num="266" count="4" type="stmt"/>
        <line num="267" count="4" type="stmt"/>
        <line num="273" count="2" type="stmt"/>
        <line num="274" count="2" type="cond" truecount="1" falsecount="1"/>
        <line num="275" count="2" type="stmt"/>
        <line num="276" count="2" type="stmt"/>
        <line num="281" count="7" type="stmt"/>
        <line num="282" count="7" type="stmt"/>
        <line num="291" count="7" type="stmt"/>
        <line num="292" count="6" type="cond" truecount="3" falsecount="1"/>
        <line num="294" count="7" type="stmt"/>
        <line num="295" count="6" type="cond" truecount="3" falsecount="1"/>
        <line num="299" count="7" type="stmt"/>
        <line num="315" count="7" type="stmt"/>
        <line num="318" count="7" type="stmt"/>
        <line num="328" count="7" type="stmt"/>
        <line num="343" count="7" type="stmt"/>
        <line num="344" count="6" type="cond" truecount="3" falsecount="1"/>
        <line num="346" count="7" type="stmt"/>
        <line num="347" count="6" type="cond" truecount="3" falsecount="1"/>
        <line num="349" count="7" type="stmt"/>
        <line num="350" count="6" type="cond" truecount="3" falsecount="1"/>
        <line num="352" count="7" type="stmt"/>
        <line num="353" count="6" type="cond" truecount="3" falsecount="1"/>
        <line num="355" count="7" type="stmt"/>
        <line num="356" count="6" type="cond" truecount="3" falsecount="1"/>
        <line num="358" count="7" type="stmt"/>
        <line num="359" count="6" type="cond" truecount="3" falsecount="1"/>
        <line num="362" count="7" type="stmt"/>
        <line num="380" count="7" type="stmt"/>
        <line num="381" count="6" type="cond" truecount="3" falsecount="1"/>
        <line num="384" count="7" type="stmt"/>
        <line num="385" count="6" type="cond" truecount="3" falsecount="1"/>
        <line num="387" count="7" type="stmt"/>
        <line num="388" count="6" type="cond" truecount="3" falsecount="1"/>
        <line num="390" count="7" type="stmt"/>
        <line num="391" count="6" type="cond" truecount="3" falsecount="1"/>
        <line num="394" count="7" type="stmt"/>
        <line num="404" count="7" type="stmt"/>
        <line num="415" count="7" type="stmt"/>
        <line num="427" count="7" type="stmt"/>
        <line num="438" count="7" type="stmt"/>
        <line num="450" count="7" type="stmt"/>
        <line num="465" count="4" type="stmt"/>
        <line num="469" count="26" type="stmt"/>
        <line num="473" count="4" type="stmt"/>
        <line num="477" count="0" type="stmt"/>
        <line num="481" count="0" type="stmt"/>
        <line num="485" count="0" type="stmt"/>
        <line num="489" count="56" type="stmt"/>
        <line num="490" count="56" type="cond" truecount="1" falsecount="1"/>
        <line num="491" count="56" type="stmt"/>
        <line num="495" count="17" type="stmt"/>
        <line num="499" count="25" type="stmt"/>
        <line num="503" count="12" type="stmt"/>
        <line num="507" count="7" type="stmt"/>
        <line num="508" count="7" type="stmt"/>
        <line num="509" count="7" type="stmt"/>
        <line num="510" count="7" type="stmt"/>
        <line num="511" count="7" type="cond" truecount="1" falsecount="1"/>
        <line num="512" count="7" type="stmt"/>
        <line num="515" count="0" type="stmt"/>
        <line num="518" count="7" type="stmt"/>
        <line num="522" count="2" type="stmt"/>
        <line num="523" count="2" type="stmt"/>
        <line num="524" count="2" type="cond" truecount="1" falsecount="1"/>
        <line num="525" count="2" type="cond" truecount="1" falsecount="1"/>
        <line num="527" count="2" type="stmt"/>
        <line num="528" count="2" type="stmt"/>
        <line num="530" count="2" type="stmt"/>
        <line num="531" count="2" type="stmt"/>
        <line num="536" count="0" type="stmt"/>
        <line num="540" count="0" type="stmt"/>
        <line num="544" count="0" type="stmt"/>
        <line num="551" count="0" type="stmt"/>
        <line num="552" count="0" type="stmt"/>
        <line num="553" count="0" type="stmt"/>
        <line num="554" count="0" type="cond" truecount="0" falsecount="2"/>
        <line num="556" count="0" type="stmt"/>
        <line num="557" count="0" type="stmt"/>
        <line num="558" count="0" type="stmt"/>
        <line num="559" count="0" type="stmt"/>
        <line num="560" count="0" type="cond" truecount="0" falsecount="4"/>
        <line num="561" count="0" type="stmt"/>
        <line num="565" count="0" type="stmt"/>
        <line num="566" count="0" type="cond" truecount="0" falsecount="2"/>
        <line num="567" count="0" type="cond" truecount="0" falsecount="2"/>
        <line num="568" count="0" type="stmt"/>
        <line num="577" count="5" type="stmt"/>
      </file>
      <file name="importer.ts" path="C:\Harmony\server\src\importer.ts">
        <metrics statements="212" coveredstatements="168" conditionals="131" coveredconditionals="91" methods="28" coveredmethods="27"/>
        <line num="12" count="3" type="stmt"/>
        <line num="14" count="1" type="stmt"/>
        <line num="17" count="1" type="stmt"/>
        <line num="20" count="2" type="stmt"/>
        <line num="24" count="3" type="stmt"/>
        <line num="27" count="3" type="stmt"/>
        <line num="30" count="5" type="cond" truecount="2" falsecount="0"/>
        <line num="31" count="5" type="stmt"/>
        <line num="32" count="5" type="stmt"/>
        <line num="33" count="5" type="stmt"/>
        <line num="35" count="5" type="stmt"/>
        <line num="36" count="5" type="stmt"/>
        <line num="44" count="5" type="stmt"/>
        <line num="46" count="5" type="stmt"/>
        <line num="48" count="5" type="stmt"/>
        <line num="56" count="5" type="cond" truecount="1" falsecount="1"/>
        <line num="57" count="5" type="stmt"/>
        <line num="58" count="5" type="stmt"/>
        <line num="59" count="5" type="stmt"/>
        <line num="60" count="5" type="stmt"/>
        <line num="62" count="0" type="stmt"/>
        <line num="64" count="5" type="stmt"/>
        <line num="67" count="5" type="cond" truecount="1" falsecount="1"/>
        <line num="68" count="0" type="stmt"/>
        <line num="69" count="0" type="stmt"/>
        <line num="71" count="5" type="stmt"/>
        <line num="149" count="5" type="stmt"/>
        <line num="150" count="5" type="stmt"/>
        <line num="154" count="5" type="stmt"/>
        <line num="157" count="5" type="stmt"/>
        <line num="158" count="5" type="stmt"/>
        <line num="161" count="5" type="stmt"/>
        <line num="162" count="5" type="stmt"/>
        <line num="164" count="0" type="stmt"/>
        <line num="167" count="5" type="stmt"/>
        <line num="169" count="5" type="stmt"/>
        <line num="170" count="5" type="stmt"/>
        <line num="171" count="5" type="stmt"/>
        <line num="172" count="5" type="stmt"/>
        <line num="173" count="5" type="stmt"/>
        <line num="175" count="5" type="stmt"/>
        <line num="176" count="5" type="cond" truecount="5" falsecount="0"/>
        <line num="178" count="4" type="stmt"/>
        <line num="179" count="4" type="stmt"/>
        <line num="180" count="4" type="cond" truecount="2" falsecount="0"/>
        <line num="181" count="3" type="stmt"/>
        <line num="186" count="4" type="cond" truecount="1" falsecount="1"/>
        <line num="187" count="4" type="stmt"/>
        <line num="192" count="4" type="cond" truecount="1" falsecount="1"/>
        <line num="193" count="0" type="stmt"/>
        <line num="198" count="4" type="stmt"/>
        <line num="200" count="0" type="stmt"/>
        <line num="201" count="0" type="stmt"/>
        <line num="207" count="5" type="stmt"/>
        <line num="208" count="5" type="stmt"/>
        <line num="211" count="5" type="stmt"/>
        <line num="214" count="5" type="stmt"/>
        <line num="215" count="5" type="stmt"/>
        <line num="216" count="5" type="stmt"/>
        <line num="217" count="5" type="stmt"/>
        <line num="219" count="5" type="cond" truecount="2" falsecount="0"/>
        <line num="220" count="4" type="stmt"/>
        <line num="221" count="4" type="stmt"/>
        <line num="225" count="5" type="stmt"/>
        <line num="226" count="5" type="cond" truecount="2" falsecount="2"/>
        <line num="227" count="0" type="stmt"/>
        <line num="229" count="0" type="stmt"/>
        <line num="230" count="0" type="stmt"/>
        <line num="232" count="0" type="cond" truecount="0" falsecount="2"/>
        <line num="233" count="0" type="stmt"/>
        <line num="234" count="0" type="stmt"/>
        <line num="235" count="0" type="stmt"/>
        <line num="236" count="0" type="stmt"/>
        <line num="238" count="0" type="stmt"/>
        <line num="240" count="0" type="cond" truecount="0" falsecount="2"/>
        <line num="241" count="0" type="stmt"/>
        <line num="246" count="5" type="stmt"/>
        <line num="258" count="5" type="cond" truecount="2" falsecount="2"/>
        <line num="259" count="0" type="stmt"/>
        <line num="260" count="0" type="cond" truecount="0" falsecount="4"/>
        <line num="261" count="0" type="stmt"/>
        <line num="262" count="0" type="stmt"/>
        <line num="264" count="0" type="cond" truecount="0" falsecount="2"/>
        <line num="269" count="0" type="stmt"/>
        <line num="270" count="0" type="cond" truecount="0" falsecount="2"/>
        <line num="271" count="0" type="stmt"/>
        <line num="277" count="5" type="stmt"/>
        <line num="279" count="5" type="cond" truecount="3" falsecount="1"/>
        <line num="280" count="0" type="stmt"/>
        <line num="281" count="0" type="stmt"/>
        <line num="282" count="0" type="stmt"/>
        <line num="283" count="0" type="stmt"/>
        <line num="284" count="0" type="stmt"/>
        <line num="285" count="0" type="stmt"/>
        <line num="286" count="0" type="stmt"/>
        <line num="288" count="5" type="stmt"/>
        <line num="292" count="0" type="stmt"/>
        <line num="296" count="5" type="stmt"/>
        <line num="297" count="5" type="stmt"/>
        <line num="298" count="5" type="stmt"/>
        <line num="300" count="0" type="stmt"/>
        <line num="307" count="5" type="stmt"/>
        <line num="314" count="5" type="stmt"/>
        <line num="317" count="0" type="stmt"/>
        <line num="323" count="4" type="stmt"/>
        <line num="324" count="4" type="stmt"/>
        <line num="325" count="4" type="cond" truecount="2" falsecount="0"/>
        <line num="327" count="1" type="stmt"/>
        <line num="328" count="2" type="cond" truecount="1" falsecount="2"/>
        <line num="329" count="1" type="cond" truecount="1" falsecount="1"/>
        <line num="330" count="0" type="stmt"/>
        <line num="332" count="1" type="stmt"/>
        <line num="335" count="1" type="stmt"/>
        <line num="336" count="2" type="stmt"/>
        <line num="337" count="1" type="cond" truecount="1" falsecount="1"/>
        <line num="339" count="1" type="stmt"/>
        <line num="340" count="1" type="stmt"/>
        <line num="341" count="1" type="stmt"/>
        <line num="343" count="1" type="stmt"/>
        <line num="344" count="1" type="stmt"/>
        <line num="345" count="1" type="stmt"/>
        <line num="347" count="1" type="stmt"/>
        <line num="348" count="2" type="stmt"/>
        <line num="349" count="2" type="stmt"/>
        <line num="350" count="2" type="stmt"/>
        <line num="352" count="2" type="stmt"/>
        <line num="353" count="2" type="cond" truecount="1" falsecount="1"/>
        <line num="355" count="1" type="stmt"/>
        <line num="356" count="1" type="stmt"/>
        <line num="359" count="3" type="stmt"/>
        <line num="360" count="3" type="stmt"/>
        <line num="362" count="3" type="stmt"/>
        <line num="363" count="3" type="cond" truecount="1" falsecount="1"/>
        <line num="365" count="4" type="stmt"/>
        <line num="367" count="4" type="cond" truecount="4" falsecount="0"/>
        <line num="370" count="3" type="cond" truecount="4" falsecount="0"/>
        <line num="371" count="1" type="stmt"/>
        <line num="372" count="1" type="stmt"/>
        <line num="376" count="3" type="stmt"/>
        <line num="377" count="3" type="cond" truecount="3" falsecount="1"/>
        <line num="378" count="3" type="stmt"/>
        <line num="379" count="3" type="stmt"/>
        <line num="380" count="4" type="stmt"/>
        <line num="381" count="4" type="cond" truecount="2" falsecount="0"/>
        <line num="382" count="4" type="cond" truecount="2" falsecount="0"/>
        <line num="385" count="4" type="stmt"/>
        <line num="386" count="4" type="cond" truecount="2" falsecount="0"/>
        <line num="387" count="3" type="stmt"/>
        <line num="390" count="4" type="stmt"/>
        <line num="396" count="4" type="stmt"/>
        <line num="397" count="4" type="cond" truecount="2" falsecount="0"/>
        <line num="398" count="1" type="stmt"/>
        <line num="399" count="3" type="cond" truecount="2" falsecount="0"/>
        <line num="401" count="2" type="stmt"/>
        <line num="403" count="2" type="cond" truecount="1" falsecount="1"/>
        <line num="404" count="2" type="stmt"/>
        <line num="405" count="2" type="stmt"/>
        <line num="406" count="2" type="cond" truecount="2" falsecount="0"/>
        <line num="408" count="2" type="stmt"/>
        <line num="409" count="2" type="stmt"/>
        <line num="410" count="2" type="cond" truecount="1" falsecount="1"/>
        <line num="411" count="2" type="stmt"/>
        <line num="412" count="2" type="stmt"/>
        <line num="415" count="0" type="stmt"/>
        <line num="419" count="4" type="stmt"/>
        <line num="420" count="4" type="stmt"/>
        <line num="423" count="3" type="cond" truecount="1" falsecount="1"/>
        <line num="424" count="3" type="stmt"/>
        <line num="428" count="3" type="stmt"/>
        <line num="429" count="3" type="cond" truecount="1" falsecount="1"/>
        <line num="430" count="3" type="stmt"/>
        <line num="431" count="4" type="cond" truecount="2" falsecount="0"/>
        <line num="432" count="3" type="stmt"/>
        <line num="433" count="1" type="cond" truecount="1" falsecount="1"/>
        <line num="434" count="1" type="stmt"/>
        <line num="436" count="0" type="stmt"/>
        <line num="441" count="3" type="cond" truecount="2" falsecount="0"/>
        <line num="442" count="1" type="stmt"/>
        <line num="447" count="3" type="cond" truecount="4" falsecount="0"/>
        <line num="448" count="1" type="cond" truecount="1" falsecount="1"/>
        <line num="449" count="1" type="stmt"/>
        <line num="453" count="3" type="cond" truecount="4" falsecount="0"/>
        <line num="454" count="1" type="stmt"/>
        <line num="455" count="1" type="stmt"/>
        <line num="459" count="3" type="stmt"/>
        <line num="460" count="3" type="cond" truecount="2" falsecount="0"/>
        <line num="462" count="3" type="stmt"/>
        <line num="463" count="3" type="stmt"/>
        <line num="465" count="3" type="cond" truecount="1" falsecount="1"/>
        <line num="466" count="4" type="stmt"/>
        <line num="467" count="1" type="stmt"/>
        <line num="468" count="1" type="stmt"/>
        <line num="469" count="1" type="stmt"/>
        <line num="471" count="1" type="cond" truecount="3" falsecount="1"/>
        <line num="473" count="1" type="stmt"/>
        <line num="474" count="1" type="stmt"/>
        <line num="475" count="1" type="stmt"/>
        <line num="476" count="1" type="stmt"/>
        <line num="478" count="1" type="cond" truecount="1" falsecount="1"/>
        <line num="479" count="1" type="cond" truecount="3" falsecount="1"/>
        <line num="480" count="0" type="stmt"/>
        <line num="481" count="0" type="stmt"/>
        <line num="484" count="1" type="stmt"/>
        <line num="497" count="1" type="stmt"/>
        <line num="499" count="0" type="stmt"/>
        <line num="503" count="1" type="stmt"/>
        <line num="504" count="1" type="stmt"/>
        <line num="506" count="1" type="cond" truecount="1" falsecount="1"/>
        <line num="507" count="0" type="stmt"/>
        <line num="510" count="3" type="stmt"/>
        <line num="512" count="3" type="stmt"/>
        <line num="514" count="0" type="stmt"/>
      </file>
      <file name="websocket.ts" path="C:\Harmony\server\src\websocket.ts">
        <metrics statements="37" coveredstatements="32" conditionals="18" coveredconditionals="9" methods="4" coveredmethods="4"/>
        <line num="12" count="2" type="stmt"/>
        <line num="15" count="2" type="stmt"/>
        <line num="17" count="5" type="stmt"/>
        <line num="19" count="2" type="stmt"/>
        <line num="20" count="6" type="stmt"/>
        <line num="21" count="8" type="stmt"/>
        <line num="22" count="8" type="stmt"/>
        <line num="24" count="8" type="cond" truecount="2" falsecount="0"/>
        <line num="25" count="6" type="stmt"/>
        <line num="26" count="6" type="cond" truecount="1" falsecount="1"/>
        <line num="28" count="6" type="stmt"/>
        <line num="29" count="6" type="stmt"/>
        <line num="30" count="6" type="stmt"/>
        <line num="32" count="6" type="stmt"/>
        <line num="34" count="6" type="stmt"/>
        <line num="40" count="6" type="stmt"/>
        <line num="43" count="6" type="stmt"/>
        <line num="48" count="0" type="stmt"/>
        <line num="51" count="2" type="cond" truecount="2" falsecount="0"/>
        <line num="52" count="1" type="stmt"/>
        <line num="53" count="1" type="cond" truecount="1" falsecount="1"/>
        <line num="54" count="1" type="stmt"/>
        <line num="59" count="1" type="stmt"/>
        <line num="62" count="1" type="cond" truecount="1" falsecount="1"/>
        <line num="63" count="1" type="stmt"/>
        <line num="64" count="1" type="cond" truecount="1" falsecount="1"/>
        <line num="65" count="1" type="stmt"/>
        <line num="74" count="0" type="cond" truecount="0" falsecount="2"/>
        <line num="75" count="0" type="stmt"/>
        <line num="76" count="0" type="cond" truecount="0" falsecount="2"/>
        <line num="77" count="0" type="stmt"/>
        <line num="91" count="6" type="stmt"/>
        <line num="92" count="2" type="stmt"/>
        <line num="93" count="2" type="cond" truecount="1" falsecount="1"/>
        <line num="95" count="2" type="stmt"/>
        <line num="96" count="2" type="stmt"/>
        <line num="97" count="2" type="stmt"/>
      </file>
    </package>
    <package name="src.media">
      <metrics statements="152" coveredstatements="81" conditionals="87" coveredconditionals="38" methods="14" coveredmethods="6"/>
      <file name="downloader.ts" path="C:\Harmony\server\src\media\downloader.ts">
        <metrics statements="28" coveredstatements="0" conditionals="12" coveredconditionals="0" methods="2" coveredmethods="0"/>
        <line num="10" count="0" type="stmt"/>
        <line num="11" count="0" type="cond" truecount="0" falsecount="2"/>
        <line num="12" count="0" type="stmt"/>
        <line num="15" count="0" type="stmt"/>
        <line num="16" count="0" type="cond" truecount="0" falsecount="2"/>
        <line num="17" count="0" type="stmt"/>
        <line num="20" count="0" type="stmt"/>
        <line num="21" count="0" type="stmt"/>
        <line num="22" count="0" type="stmt"/>
        <line num="23" count="0" type="stmt"/>
        <line num="34" count="0" type="cond" truecount="0" falsecount="2"/>
        <line num="39" count="0" type="stmt"/>
        <line num="40" count="0" type="stmt"/>
        <line num="41" count="0" type="stmt"/>
        <line num="42" count="0" type="cond" truecount="0" falsecount="2"/>
        <line num="47" count="0" type="cond" truecount="0" falsecount="2"/>
        <line num="48" count="0" type="stmt"/>
        <line num="49" count="0" type="stmt"/>
        <line num="50" count="0" type="stmt"/>
        <line num="52" count="0" type="cond" truecount="0" falsecount="2"/>
        <line num="53" count="0" type="stmt"/>
        <line num="54" count="0" type="stmt"/>
        <line num="55" count="0" type="stmt"/>
        <line num="58" count="0" type="stmt"/>
        <line num="59" count="0" type="stmt"/>
        <line num="60" count="0" type="stmt"/>
        <line num="62" count="0" type="stmt"/>
        <line num="63" count="0" type="stmt"/>
      </file>
      <file name="signaling.ts" path="C:\Harmony\server\src\media\signaling.ts">
        <metrics statements="124" coveredstatements="81" conditionals="75" coveredconditionals="38" methods="12" coveredmethods="6"/>
        <line num="6" count="1" type="stmt"/>
        <line num="16" count="1" type="stmt"/>
        <line num="17" count="5" type="stmt"/>
        <line num="18" count="5" type="stmt"/>
        <line num="20" count="5" type="stmt"/>
        <line num="21" count="9" type="stmt"/>
        <line num="22" count="9" type="stmt"/>
        <line num="23" count="9" type="cond" truecount="3" falsecount="1"/>
        <line num="25" count="9" type="cond" truecount="2" falsecount="0"/>
        <line num="28" count="9" type="cond" truecount="4" falsecount="0"/>
        <line num="29" count="4" type="stmt"/>
        <line num="32" count="9" type="cond" truecount="4" falsecount="3"/>
        <line num="34" count="4" type="stmt"/>
        <line num="35" count="4" type="stmt"/>
        <line num="36" count="4" type="stmt"/>
        <line num="38" count="4" type="cond" truecount="2" falsecount="0"/>
        <line num="39" count="4" type="stmt"/>
        <line num="41" count="4" type="stmt"/>
        <line num="42" count="4" type="stmt"/>
        <line num="48" count="4" type="stmt"/>
        <line num="49" count="4" type="cond" truecount="1" falsecount="1"/>
        <line num="50" count="4" type="stmt"/>
        <line num="51" count="5" type="cond" truecount="2" falsecount="0"/>
        <line num="53" count="1" type="stmt"/>
        <line num="54" count="1" type="stmt"/>
        <line num="57" count="1" type="cond" truecount="1" falsecount="1"/>
        <line num="58" count="1" type="stmt"/>
        <line num="69" count="4" type="stmt"/>
        <line num="73" count="0" type="cond" truecount="0" falsecount="2"/>
        <line num="74" count="0" type="stmt"/>
        <line num="75" count="0" type="stmt"/>
        <line num="77" count="0" type="stmt"/>
        <line num="78" count="0" type="cond" truecount="0" falsecount="2"/>
        <line num="80" count="0" type="stmt"/>
        <line num="87" count="0" type="stmt"/>
        <line num="91" count="0" type="stmt"/>
        <line num="92" count="0" type="stmt"/>
        <line num="93" count="0" type="stmt"/>
        <line num="94" count="0" type="stmt"/>
        <line num="98" count="3" type="stmt"/>
        <line num="99" count="3" type="stmt"/>
        <line num="100" count="3" type="cond" truecount="1" falsecount="1"/>
        <line num="102" count="3" type="stmt"/>
        <line num="103" count="3" type="stmt"/>
        <line num="104" count="3" type="cond" truecount="1" falsecount="1"/>
        <line num="106" count="3" type="stmt"/>
        <line num="107" count="0" type="stmt"/>
        <line num="108" count="0" type="stmt"/>
        <line num="111" count="3" type="stmt"/>
        <line num="113" count="3" type="stmt"/>
        <line num="121" count="3" type="stmt"/>
        <line num="122" count="3" type="cond" truecount="1" falsecount="1"/>
        <line num="123" count="3" type="stmt"/>
        <line num="124" count="3" type="cond" truecount="1" falsecount="1"/>
        <line num="125" count="0" type="stmt"/>
        <line num="134" count="3" type="stmt"/>
        <line num="138" count="1" type="stmt"/>
        <line num="139" count="1" type="stmt"/>
        <line num="140" count="1" type="stmt"/>
        <line num="141" count="1" type="cond" truecount="3" falsecount="1"/>
        <line num="142" count="0" type="stmt"/>
        <line num="143" count="0" type="stmt"/>
        <line num="146" count="1" type="cond" truecount="1" falsecount="1"/>
        <line num="147" count="0" type="stmt"/>
        <line num="148" count="0" type="stmt"/>
        <line num="151" count="1" type="stmt"/>
        <line num="157" count="1" type="stmt"/>
        <line num="158" count="1" type="cond" truecount="1" falsecount="1"/>
        <line num="160" count="1" type="stmt"/>
        <line num="161" count="0" type="stmt"/>
        <line num="162" count="0" type="stmt"/>
        <line num="164" count="0" type="stmt"/>
        <line num="165" count="0" type="cond" truecount="0" falsecount="2"/>
        <line num="167" count="1" type="stmt"/>
        <line num="168" count="0" type="stmt"/>
        <line num="172" count="0" type="stmt"/>
        <line num="173" count="0" type="stmt"/>
        <line num="175" count="0" type="stmt"/>
        <line num="176" count="0" type="cond" truecount="0" falsecount="2"/>
        <line num="179" count="1" type="stmt"/>
        <line num="181" count="1" type="stmt"/>
        <line num="193" count="1" type="stmt"/>
        <line num="197" count="1" type="stmt"/>
        <line num="198" count="1" type="stmt"/>
        <line num="199" count="1" type="cond" truecount="1" falsecount="1"/>
        <line num="200" count="1" type="stmt"/>
        <line num="201" count="1" type="stmt"/>
        <line num="203" count="1" type="stmt"/>
        <line num="207" count="0" type="stmt"/>
        <line num="208" count="0" type="stmt"/>
        <line num="209" count="0" type="cond" truecount="0" falsecount="2"/>
        <line num="210" count="0" type="stmt"/>
        <line num="211" count="0" type="stmt"/>
        <line num="214" count="0" type="stmt"/>
        <line num="215" count="0" type="cond" truecount="0" falsecount="2"/>
        <line num="216" count="0" type="stmt"/>
        <line num="220" count="0" type="stmt"/>
        <line num="221" count="0" type="cond" truecount="0" falsecount="2"/>
        <line num="222" count="0" type="stmt"/>
        <line num="223" count="0" type="cond" truecount="0" falsecount="2"/>
        <line num="224" count="0" type="stmt"/>
        <line num="232" count="0" type="stmt"/>
        <line num="236" count="0" type="stmt"/>
        <line num="240" count="5" type="stmt"/>
        <line num="241" count="1" type="cond" truecount="3" falsecount="1"/>
        <line num="242" count="1" type="stmt"/>
        <line num="243" count="1" type="cond" truecount="1" falsecount="1"/>
        <line num="244" count="1" type="stmt"/>
        <line num="245" count="1" type="cond" truecount="1" falsecount="1"/>
        <line num="246" count="1" type="stmt"/>
        <line num="247" count="1" type="stmt"/>
        <line num="248" count="1" type="cond" truecount="1" falsecount="1"/>
        <line num="249" count="1" type="stmt"/>
        <line num="250" count="1" type="stmt"/>
        <line num="253" count="1" type="stmt"/>
        <line num="254" count="1" type="cond" truecount="1" falsecount="1"/>
        <line num="255" count="0" type="stmt"/>
        <line num="262" count="1" type="stmt"/>
        <line num="263" count="1" type="stmt"/>
        <line num="264" count="1" type="cond" truecount="1" falsecount="1"/>
        <line num="265" count="1" type="stmt"/>
        <line num="266" count="1" type="stmt"/>
        <line num="270" count="1" type="stmt"/>
        <line num="271" count="1" type="cond" truecount="1" falsecount="1"/>
      </file>
    </package>
    <package name="src.middleware">
      <metrics statements="89" coveredstatements="69" conditionals="71" coveredconditionals="42" methods="8" coveredmethods="7"/>
      <file name="rbac.ts" path="C:\Harmony\server\src\middleware\rbac.ts">
        <metrics statements="89" coveredstatements="69" conditionals="71" coveredconditionals="42" methods="8" coveredmethods="7"/>
        <line num="15" count="12" type="stmt"/>
        <line num="16" count="12" type="stmt"/>
        <line num="17" count="12" type="stmt"/>
        <line num="18" count="12" type="stmt"/>
        <line num="19" count="12" type="stmt"/>
        <line num="20" count="12" type="stmt"/>
        <line num="21" count="12" type="stmt"/>
        <line num="22" count="12" type="stmt"/>
        <line num="23" count="12" type="stmt"/>
        <line num="24" count="12" type="stmt"/>
        <line num="25" count="12" type="stmt"/>
        <line num="26" count="12" type="stmt"/>
        <line num="27" count="12" type="stmt"/>
        <line num="30" count="12" type="stmt"/>
        <line num="31" count="87" type="stmt"/>
        <line num="32" count="87" type="cond" truecount="2" falsecount="0"/>
        <line num="34" count="87" type="cond" truecount="2" falsecount="0"/>
        <line num="35" count="4" type="stmt"/>
        <line num="38" count="83" type="stmt"/>
        <line num="39" count="83" type="stmt"/>
        <line num="40" count="83" type="stmt"/>
        <line num="41" count="83" type="stmt"/>
        <line num="43" count="1" type="stmt"/>
        <line num="48" count="12" type="stmt"/>
        <line num="49" count="0" type="stmt"/>
        <line num="50" count="0" type="cond" truecount="0" falsecount="2"/>
        <line num="52" count="0" type="stmt"/>
        <line num="53" count="0" type="stmt"/>
        <line num="54" count="0" type="cond" truecount="0" falsecount="5"/>
        <line num="55" count="0" type="stmt"/>
        <line num="57" count="0" type="stmt"/>
        <line num="59" count="0" type="stmt"/>
        <line num="60" count="0" type="stmt"/>
        <line num="64" count="12" type="stmt"/>
        <line num="66" count="12" type="stmt"/>
        <line num="67" count="52" type="stmt"/>
        <line num="68" count="15" type="stmt"/>
        <line num="69" count="15" type="cond" truecount="1" falsecount="1"/>
        <line num="71" count="15" type="cond" truecount="2" falsecount="1"/>
        <line num="72" count="15" type="cond" truecount="1" falsecount="1"/>
        <line num="74" count="0" type="stmt"/>
        <line num="75" count="0" type="cond" truecount="0" falsecount="5"/>
        <line num="76" count="0" type="stmt"/>
        <line num="79" count="15" type="stmt"/>
        <line num="81" count="15" type="stmt"/>
        <line num="82" count="15" type="cond" truecount="5" falsecount="0"/>
        <line num="85" count="10" type="stmt"/>
        <line num="86" count="10" type="cond" truecount="2" falsecount="0"/>
        <line num="88" count="9" type="cond" truecount="2" falsecount="0"/>
        <line num="91" count="4" type="stmt"/>
        <line num="96" count="4" type="stmt"/>
        <line num="97" count="4" type="stmt"/>
        <line num="98" count="4" type="cond" truecount="1" falsecount="1"/>
        <line num="99" count="0" type="stmt"/>
        <line num="102" count="4" type="stmt"/>
        <line num="103" count="3" type="stmt"/>
        <line num="106" count="4" type="cond" truecount="4" falsecount="0"/>
        <line num="107" count="2" type="stmt"/>
        <line num="110" count="2" type="stmt"/>
        <line num="112" count="0" type="stmt"/>
        <line num="117" count="12" type="stmt"/>
        <line num="118" count="143" type="stmt"/>
        <line num="119" count="10" type="stmt"/>
        <line num="120" count="10" type="cond" truecount="1" falsecount="1"/>
        <line num="122" count="10" type="cond" truecount="1" falsecount="2"/>
        <line num="123" count="10" type="cond" truecount="1" falsecount="1"/>
        <line num="124" count="0" type="stmt"/>
        <line num="125" count="0" type="cond" truecount="0" falsecount="5"/>
        <line num="126" count="0" type="stmt"/>
        <line num="129" count="10" type="stmt"/>
        <line num="130" count="10" type="stmt"/>
        <line num="131" count="10" type="cond" truecount="5" falsecount="0"/>
        <line num="133" count="2" type="stmt"/>
        <line num="134" count="2" type="cond" truecount="1" falsecount="1"/>
        <line num="136" count="2" type="cond" truecount="2" falsecount="0"/>
        <line num="138" count="1" type="stmt"/>
        <line num="140" count="0" type="stmt"/>
        <line num="152" count="12" type="stmt"/>
        <line num="153" count="3" type="stmt"/>
        <line num="154" count="3" type="cond" truecount="1" falsecount="2"/>
        <line num="156" count="3" type="cond" truecount="1" falsecount="1"/>
        <line num="157" count="0" type="stmt"/>
        <line num="160" count="3" type="stmt"/>
        <line num="162" count="3" type="stmt"/>
        <line num="163" count="3" type="cond" truecount="5" falsecount="0"/>
        <line num="166" count="2" type="stmt"/>
        <line num="167" count="2" type="cond" truecount="2" falsecount="0"/>
        <line num="169" count="1" type="stmt"/>
        <line num="171" count="0" type="stmt"/>
      </file>
    </package>
  </project>
</coverage>
